<?xml version="1.0" encoding="UTF-8"?>
<!-- Generated by org.testng.reporters.JUnitReportReporter -->
<testsuite hostname="DESKTOP-TDN5H4E" failures="0" tests="2" name="seleniumNew2.JavaStreams" time="0.057" errors="0" timestamp="2023-10-29T07:43:37 IST" skipped="0">
  <testcase classname="seleniumNew2.JavaStreams" name="streamMap" time="0.045"/>
  <testcase classname="seleniumNew2.JavaStreams" name="streamcollect" time="0.012"/>
</testsuite> <!-- seleniumNew2.JavaStreams -->
