<?xml version="1.0" encoding="UTF-8"?>
<!-- Generated by org.testng.reporters.JUnitReportReporter -->
<testsuite hostname="DESKTOP-TDN5H4E" failures="0" tests="2" name="testNG.testNG1" time="0.019" errors="0" timestamp="2023-11-15T09:54:20 IST" skipped="0">
  <testcase classname="testNG.testNG1" name="demo" time="0.015"/>
  <testcase classname="testNG.testNG1" name="secondtest" time="0.004"/>
</testsuite> <!-- testNG.testNG1 -->
