<?xml version="1.0" encoding="UTF-8"?>
<!-- Generated by org.testng.reporters.JUnitReportReporter -->
<testsuite hostname="DESKTOP-TDN5H4E" failures="0" tests="1" name="test.day2" time="0.004" errors="0" timestamp="2023-11-24T16:12:31 IST" skipped="0">
  <testcase classname="test.day2" name="thirdtest" time="0.004"/>
  <system-out/>
</testsuite> <!-- test.day2 -->
