<?xml version="1.0" encoding="UTF-8"?>
<!-- Generated by org.testng.reporters.JUnitReportReporter -->
<testsuite hostname="DESKTOP-TDN5H4E" failures="0" tests="3" name="test.day4" time="0.014" errors="0" timestamp="2023-11-24T16:12:31 IST" skipped="0">
  <testcase classname="test.day4" name="homeloanmobilelogin" time="0.007"/>
  <system-out/>
  <testcase classname="test.day4" name="homeloanapilogin" time="0.004"/>
  <system-out/>
  <testcase classname="test.day4" name="homeloanweblogin" time="0.003"/>
  <system-out/>
</testsuite> <!-- test.day4 -->
