<?xml version="1.0" encoding="UTF-8"?>
<!-- Generated by org.testng.reporters.JUnitReportReporter -->
<testsuite hostname="DESKTOP-TDN5H4E" failures="0" tests="6" name="test.day3" time="0.031" errors="0" timestamp="2023-11-24T16:12:31 IST" skipped="1">
  <testcase classname="test.day3" name="carloanapilogin" time="0.004"/>
  <system-out/>
  <testcase classname="test.day3" name="websignoutcarloan" time="0.004"/>
  <system-out/>
  <testcase classname="test.day3" name="websignoutcarloan" time="0.007"/>
  <system-out/>
  <testcase classname="test.day3" name="carloanweblogin" time="0.014"/>
  <system-out/>
  <testcase classname="test.day3" name="websignoutcarloan" time="0.002"/>
  <system-out/>
  <testcase classname="test.day3" name="mobilelogincarloan">
    <skipped/>
  </testcase> <!-- mobilelogincarloan -->
  <system-out/>
</testsuite> <!-- test.day3 -->
