<?xml version="1.0" encoding="UTF-8"?>
<!-- Generated by org.testng.reporters.JUnitReportReporter -->
<testsuite hostname="DESKTOP-TDN5H4E" failures="0" tests="1" name="ps1" time="0.021" errors="0" timestamp="2023-11-26T08:51:37 IST" skipped="0">
  <testcase classname="ps1" name="testrun" time="0.021"/>
  <system-out/>
</testsuite> <!-- ps1 -->
